<?xml version="1.0" encoding="UTF-8"?>
<testsuite name="se.inera.intyg.intygmockservice.sendmessagetorecipient.SendMessageToRecipientIT" tests="3" skipped="0" failures="0" errors="0" timestamp="2026-02-22T18:50:41" hostname="AM-RWG9F9YX2L" time="0.037">
  <properties/>
  <testcase name="shouldDeleteAllMessages()" classname="se.inera.intyg.intygmockservice.sendmessagetorecipient.SendMessageToRecipientIT" time="0.016"/>
  <testcase name="shouldStoreMessageViaSoap()" classname="se.inera.intyg.intygmockservice.sendmessagetorecipient.SendMessageToRecipientIT" time="0.014"/>
  <testcase name="shouldReturnEmptyListWhenNoMessageSent()" classname="se.inera.intyg.intygmockservice.sendmessagetorecipient.SendMessageToRecipientIT" time="0.007"/>
  <system-out><![CDATA[{"@timestamp":"2026-02-22T18:50:41.210607Z","log.level":"INFO","process.pid":91671,"process.thread.name":"http-nio-auto-1-exec-1","service.name":"intyg-mock-service","log.logger":"se.inera.intyg.intygmockservice.sendmessagetorecipient.SendMessageToRecipientResponderImpl","message":"Message 'it-message-001' on certificate 'it-send-message-cert-001' sent to 'FK' with content 'Integration test message'","event.logical_address":"FK","event.certificate.id":"it-send-message-cert-001","event.message.id":"it-message-001","ecs.version":"8.11"}
{"@timestamp":"2026-02-22T18:50:41.226698Z","log.level":"INFO","process.pid":91671,"process.thread.name":"http-nio-auto-1-exec-5","service.name":"intyg-mock-service","log.logger":"se.inera.intyg.intygmockservice.sendmessagetorecipient.SendMessageToRecipientResponderImpl","message":"Message 'it-message-001' on certificate 'it-send-message-cert-001' sent to 'FK' with content 'Integration test message'","event.logical_address":"FK","event.certificate.id":"it-send-message-cert-001","event.message.id":"it-message-001","ecs.version":"8.11"}
]]></system-out>
  <system-err><![CDATA[]]></system-err>
</testsuite>
