<?xml version="1.0" encoding="UTF-8"?>
<testsuite name="se.inera.intyg.intygmockservice.revokecertificate.RevokeCertificateIT" tests="3" skipped="0" failures="0" errors="0" timestamp="2026-02-22T18:50:40" hostname="AM-RWG9F9YX2L" time="0.763">
  <properties/>
  <testcase name="shouldReturnEmptyListWhenNoCertificateRevoked()" classname="se.inera.intyg.intygmockservice.revokecertificate.RevokeCertificateIT" time="0.644"/>
  <testcase name="shouldStoreRevokedCertificateViaSoap()" classname="se.inera.intyg.intygmockservice.revokecertificate.RevokeCertificateIT" time="0.104"/>
  <testcase name="shouldDeleteAllRevokedCertificates()" classname="se.inera.intyg.intygmockservice.revokecertificate.RevokeCertificateIT" time="0.013"/>
  <system-out><![CDATA[{"@timestamp":"2026-02-22T18:50:38.549924Z","log.level":"INFO","process.pid":91671,"process.thread.name":"Test worker","service.name":"intyg-mock-service","log.logger":"se.inera.intyg.intygmockservice.revokecertificate.RevokeCertificateIT","message":"Starting RevokeCertificateIT using Java 21.0.8 with PID 91671 (started by mwurschmidt in \/Users\/mwurschmidt\/development\/k1\/intyg\/intyg-mock-service\/integration-test)","ecs.version":"8.11"}
{"@timestamp":"2026-02-22T18:50:38.554138Z","log.level":"INFO","process.pid":91671,"process.thread.name":"Test worker","service.name":"intyg-mock-service","log.logger":"se.inera.intyg.intygmockservice.revokecertificate.RevokeCertificateIT","message":"No active profile set, falling back to 1 default profile: \"default\"","ecs.version":"8.11"}
{"@timestamp":"2026-02-22T18:50:39.357075Z","log.level":"INFO","process.pid":91671,"process.thread.name":"Test worker","service.name":"intyg-mock-service","log.logger":"org.springframework.boot.web.embedded.tomcat.TomcatWebServer","message":"Tomcat initialized with port 0 (http)","ecs.version":"8.11"}
{"@timestamp":"2026-02-22T18:50:39.367737Z","log.level":"INFO","process.pid":91671,"process.thread.name":"Test worker","service.name":"intyg-mock-service","log.logger":"org.apache.catalina.core.StandardService","message":"Starting service [Tomcat]","ecs.version":"8.11"}
{"@timestamp":"2026-02-22T18:50:39.368115Z","log.level":"INFO","process.pid":91671,"process.thread.name":"Test worker","service.name":"intyg-mock-service","log.logger":"org.apache.catalina.core.StandardEngine","message":"Starting Servlet engine: [Apache Tomcat\/10.1.33]","ecs.version":"8.11"}
{"@timestamp":"2026-02-22T18:50:39.407785Z","log.level":"INFO","process.pid":91671,"process.thread.name":"Test worker","service.name":"intyg-mock-service","log.logger":"org.apache.catalina.core.ContainerBase.[Tomcat].[localhost].[\/]","message":"Initializing Spring embedded WebApplicationContext","ecs.version":"8.11"}
{"@timestamp":"2026-02-22T18:50:39.408737Z","log.level":"INFO","process.pid":91671,"process.thread.name":"Test worker","service.name":"intyg-mock-service","log.logger":"org.springframework.boot.web.servlet.context.ServletWebServerApplicationContext","message":"Root WebApplicationContext: initialization completed in 846 ms","ecs.version":"8.11"}
{"@timestamp":"2026-02-22T18:50:39.602563Z","log.level":"INFO","process.pid":91671,"process.thread.name":"Test worker","service.name":"intyg-mock-service","log.logger":"org.apache.cxf.wsdl.service.factory.ReflectionServiceFactoryBean","message":"Creating Service {http:\/\/statusupdates.intygmockservice.intyg.inera.se\/}CertificateStatusUpdateForCareResponderImplService from class se.riv.clinicalprocess.healthcond.certificate.certificatestatusupdateforcareresponder.v3.CertificateStatusUpdateForCareResponderInterface","ecs.version":"8.11"}
{"@timestamp":"2026-02-22T18:50:39.891124Z","log.level":"INFO","process.pid":91671,"process.thread.name":"Test worker","service.name":"intyg-mock-service","log.logger":"org.apache.cxf.endpoint.ServerImpl","message":"Setting the server's publish address to be \/clinicalprocess\/healthcond\/certificate\/CertificateStatusUpdateForCare\/3\/rivtabp21","ecs.version":"8.11"}
{"@timestamp":"2026-02-22T18:50:39.896529Z","log.level":"INFO","process.pid":91671,"process.thread.name":"Test worker","service.name":"intyg-mock-service","log.logger":"org.apache.cxf.wsdl.service.factory.ReflectionServiceFactoryBean","message":"Creating Service {http:\/\/registercertificate.intygmockservice.intyg.inera.se\/}RegisterCertificateResponderImplService from class se.riv.clinicalprocess.healthcond.certificate.registerCertificate.v3.RegisterCertificateResponderInterface","ecs.version":"8.11"}
{"@timestamp":"2026-02-22T18:50:39.923371Z","log.level":"INFO","process.pid":91671,"process.thread.name":"Test worker","service.name":"intyg-mock-service","log.logger":"org.apache.cxf.endpoint.ServerImpl","message":"Setting the server's publish address to be \/clinicalprocess\/healthcond\/certificate\/RegisterCertificate\/3\/rivtabp21","ecs.version":"8.11"}
{"@timestamp":"2026-02-22T18:50:39.924658Z","log.level":"INFO","process.pid":91671,"process.thread.name":"Test worker","service.name":"intyg-mock-service","log.logger":"org.apache.cxf.wsdl.service.factory.ReflectionServiceFactoryBean","message":"Creating Service {http:\/\/revokecertificate.intygmockservice.intyg.inera.se\/}RevokeCertificateResponderImplService from class se.riv.clinicalprocess.healthcond.certificate.revokeCertificate.v2.RevokeCertificateResponderInterface","ecs.version":"8.11"}
{"@timestamp":"2026-02-22T18:50:39.945887Z","log.level":"INFO","process.pid":91671,"process.thread.name":"Test worker","service.name":"intyg-mock-service","log.logger":"org.apache.cxf.endpoint.ServerImpl","message":"Setting the server's publish address to be \/clinicalprocess\/healthcond\/certificate\/RevokeCertificate\/2\/rivtabp21","ecs.version":"8.11"}
{"@timestamp":"2026-02-22T18:50:39.947304Z","log.level":"INFO","process.pid":91671,"process.thread.name":"Test worker","service.name":"intyg-mock-service","log.logger":"org.apache.cxf.wsdl.service.factory.ReflectionServiceFactoryBean","message":"Creating Service {http:\/\/sendmessagetorecipient.intygmockservice.intyg.inera.se\/}SendMessageToRecipientResponderImplService from class se.riv.clinicalprocess.healthcond.certificate.sendMessageToRecipient.v2.SendMessageToRecipientResponderInterface","ecs.version":"8.11"}
{"@timestamp":"2026-02-22T18:50:39.968512Z","log.level":"INFO","process.pid":91671,"process.thread.name":"Test worker","service.name":"intyg-mock-service","log.logger":"org.apache.cxf.endpoint.ServerImpl","message":"Setting the server's publish address to be \/clinicalprocess\/healthcond\/certificate\/SendMessageToRecipient\/2\/rivtabp21","ecs.version":"8.11"}
{"@timestamp":"2026-02-22T18:50:39.970455Z","log.level":"INFO","process.pid":91671,"process.thread.name":"Test worker","service.name":"intyg-mock-service","log.logger":"org.apache.cxf.wsdl.service.factory.ReflectionServiceFactoryBean","message":"Creating Service {http:\/\/storelog.intygmockservice.intyg.inera.se\/}StoreLogResponderImplService from class se.riv.informationsecurity.auditing.log.StoreLog.v2.rivtabp21.StoreLogResponderInterface","ecs.version":"8.11"}
{"@timestamp":"2026-02-22T18:50:39.983949Z","log.level":"INFO","process.pid":91671,"process.thread.name":"Test worker","service.name":"intyg-mock-service","log.logger":"org.apache.cxf.endpoint.ServerImpl","message":"Setting the server's publish address to be \/informationsecurity\/auditing\/log\/StoreLog\/v2\/rivtabp21","ecs.version":"8.11"}
{"@timestamp":"2026-02-22T18:50:40.272917Z","log.level":"INFO","process.pid":91671,"process.thread.name":"Test worker","service.name":"intyg-mock-service","log.logger":"org.springframework.boot.actuate.endpoint.web.EndpointLinksResolver","message":"Exposing 1 endpoint beneath base path '\/actuator'","ecs.version":"8.11"}
{"@timestamp":"2026-02-22T18:50:40.385014Z","log.level":"INFO","process.pid":91671,"process.thread.name":"Test worker","service.name":"intyg-mock-service","log.logger":"org.springframework.boot.web.embedded.tomcat.TomcatWebServer","message":"Tomcat started on port 50940 (http) with context path '\/'","ecs.version":"8.11"}
{"@timestamp":"2026-02-22T18:50:40.394760Z","log.level":"INFO","process.pid":91671,"process.thread.name":"Test worker","service.name":"intyg-mock-service","log.logger":"se.inera.intyg.intygmockservice.revokecertificate.RevokeCertificateIT","message":"Started RevokeCertificateIT in 2.033 seconds (process running for 2.667)","ecs.version":"8.11"}
{"@timestamp":"2026-02-22T18:50:40.972170Z","log.level":"INFO","process.pid":91671,"process.thread.name":"http-nio-auto-1-exec-1","service.name":"intyg-mock-service","log.logger":"org.apache.catalina.core.ContainerBase.[Tomcat].[localhost].[\/]","message":"Initializing Spring DispatcherServlet 'dispatcherServlet'","ecs.version":"8.11"}
{"@timestamp":"2026-02-22T18:50:40.972520Z","log.level":"INFO","process.pid":91671,"process.thread.name":"http-nio-auto-1-exec-1","service.name":"intyg-mock-service","log.logger":"org.springframework.web.servlet.DispatcherServlet","message":"Initializing Servlet 'dispatcherServlet'","ecs.version":"8.11"}
{"@timestamp":"2026-02-22T18:50:40.973354Z","log.level":"INFO","process.pid":91671,"process.thread.name":"http-nio-auto-1-exec-1","service.name":"intyg-mock-service","log.logger":"org.springframework.web.servlet.DispatcherServlet","message":"Completed initialization in 1 ms","ecs.version":"8.11"}
{"@timestamp":"2026-02-22T18:50:41.153282Z","log.level":"INFO","process.pid":91671,"process.thread.name":"http-nio-auto-1-exec-4","service.name":"intyg-mock-service","log.logger":"se.inera.intyg.intygmockservice.revokecertificate.RevokeCertificateResponderImpl","message":"Certificate 'it-revoke-cert-001' revoked with message 'Revoked for integration test'","event.logical_address":"FK","event.certificate.id":"it-revoke-cert-001","ecs.version":"8.11"}
{"@timestamp":"2026-02-22T18:50:41.190903Z","log.level":"INFO","process.pid":91671,"process.thread.name":"http-nio-auto-1-exec-7","service.name":"intyg-mock-service","log.logger":"se.inera.intyg.intygmockservice.revokecertificate.RevokeCertificateResponderImpl","message":"Certificate 'it-revoke-cert-001' revoked with message 'Revoked for integration test'","event.logical_address":"FK","event.certificate.id":"it-revoke-cert-001","ecs.version":"8.11"}
]]></system-out>
  <system-err><![CDATA[Mockito is currently self-attaching to enable the inline-mock-maker. This will no longer work in future releases of the JDK. Please add Mockito as an agent to your build what is described in Mockito's documentation: https://javadoc.io/doc/org.mockito/mockito-core/latest/org/mockito/Mockito.html#0.3
WARNING: A Java agent has been loaded dynamically (/Users/mwurschmidt/.gradle/caches/modules-2/files-2.1/net.bytebuddy/byte-buddy-agent/1.15.10/e8eb255b2c378b9a6c7341e7b0e12f0a5636377/byte-buddy-agent-1.15.10.jar)
WARNING: If a serviceability tool is in use, please run with -XX:+EnableDynamicAgentLoading to hide this warning
WARNING: If a serviceability tool is not in use, please run with -Djdk.instrument.traceUsage for more information
WARNING: Dynamic loading of agents will be disallowed by default in a future release
]]></system-err>
</testsuite>
