<?xml version="1.0" encoding="UTF-8"?>
<testsuite name="se.inera.intyg.intygmockservice.storelog.StoreLogIT" tests="3" skipped="0" failures="0" errors="0" timestamp="2026-02-22T18:50:41" hostname="AM-RWG9F9YX2L" time="0.05">
  <properties/>
  <testcase name="shouldReturnEmptyListWhenNoLogStored()" classname="se.inera.intyg.intygmockservice.storelog.StoreLogIT" time="0.015"/>
  <testcase name="shouldStoreLogViaSoap()" classname="se.inera.intyg.intygmockservice.storelog.StoreLogIT" time="0.022"/>
  <testcase name="shouldDeleteAllLogs()" classname="se.inera.intyg.intygmockservice.storelog.StoreLogIT" time="0.012"/>
  <system-out><![CDATA[{"@timestamp":"2026-02-22T18:50:41.354838Z","log.level":"INFO","process.pid":91671,"process.thread.name":"http-nio-auto-1-exec-10","service.name":"intyg-mock-service","log.logger":"se.inera.intyg.intygmockservice.storelog.StoreLogResponderImpl","message":"Stored log received for logical address 'IT-TEST' with '1' logs","event.logical_address":"IT-TEST","ecs.version":"8.11"}
{"@timestamp":"2026-02-22T18:50:41.376Z","log.level":"INFO","process.pid":91671,"process.thread.name":"http-nio-auto-1-exec-3","service.name":"intyg-mock-service","log.logger":"se.inera.intyg.intygmockservice.storelog.StoreLogResponderImpl","message":"Stored log received for logical address 'IT-TEST' with '1' logs","event.logical_address":"IT-TEST","ecs.version":"8.11"}
]]></system-out>
  <system-err><![CDATA[]]></system-err>
</testsuite>
